<?xml version="1.0" encoding="UTF-8"?>
<!-- Generated by org.testng.reporters.JUnitXMLReporter -->
<testsuite ignored="0" hostname="Jani-PC" failures="1" tests="1" name="OrangeHRM Test" time="105.88" errors="0" timestamp="2022-05-24T17:43:16 IST">
  <testcase classname="testJava.LoginPageTest" name="verifyTitle" time="0.005">
    <failure type="java.lang.NullPointerException" message="Cannot invoke &amp;quot;org.openqa.selenium.WebDriver.getTitle()&amp;quot; because &amp;quot;this.driver&amp;quot; is null">
      <![CDATA[java.lang.NullPointerException: Cannot invoke "org.openqa.selenium.WebDriver.getTitle()" because "this.driver" is null
at pages.LoginPage.getCurrentTitle(LoginPage.java:32)
at testJava.LoginPageTest.verifyTitle(LoginPageTest.java:15)
at java.base/java.util.ArrayList.forEach(ArrayList.java:1511)
... Removed 27 stack frames]]>
    </failure>
  </testcase> <!-- verifyTitle -->
</testsuite> <!-- OrangeHRM Test -->
