<?xml version="1.0" encoding="UTF-8"?>
<!-- Generated by org.testng.reporters.JUnitXMLReporter -->
<testsuite ignored="1" hostname="Jani-PC" failures="0" tests="3" name="Default test" time="17.575" errors="0" timestamp="2022-05-27T20:47:37 IST">
  <testcase classname="testJava.LoginPageTest" name="verifyTitle" time="0.011"/>
  <testcase classname="testJava.LoginPageTest" name="verifyURL" time="0.007"/>
  <testcase classname="testJava.LoginPageTest" name="positiveLogin" time="7.674"/>
  <testcase classname="testJava.LoginPageTest" name="negativeLogin" time="0.0">
    <ignored/>
  </testcase> <!-- negativeLogin -->
</testsuite> <!-- Default test -->
