<?xml version="1.0" encoding="UTF-8"?>
<testng-results ignored="1" total="4" passed="3" failed="0" skipped="0">
  <reporter-output>
  </reporter-output>
  <suite started-at="2022-05-27T20:47:19 IST" name="Default suite" finished-at="2022-05-27T20:47:37 IST" duration-ms="17575">
    <groups>
    </groups>
    <test started-at="2022-05-27T20:47:19 IST" name="Default test" finished-at="2022-05-27T20:47:37 IST" duration-ms="17575">
      <class name="testJava.LoginPageTest">
        <test-method is-config="true" signature="BrowserLaunch()[pri:0, instance:testJava.LoginPageTest@4ac3c60d]" started-at="2022-05-27T20:47:19 IST" name="BrowserLaunch" finished-at="2022-05-27T20:47:29 IST" duration-ms="9639" status="PASS">
          <reporter-output>
          </reporter-output>
        </test-method> <!-- BrowserLaunch -->
        <test-method is-config="true" signature="objectInit()[pri:0, instance:testJava.LoginPageTest@4ac3c60d]" started-at="2022-05-27T20:47:29 IST" name="objectInit" finished-at="2022-05-27T20:47:29 IST" duration-ms="18" status="PASS">
          <reporter-output>
          </reporter-output>
        </test-method> <!-- objectInit -->
        <test-method signature="verifyTitle()[pri:0, instance:testJava.LoginPageTest@4ac3c60d]" started-at="2022-05-27T20:47:29 IST" name="verifyTitle" finished-at="2022-05-27T20:47:29 IST" duration-ms="11" status="PASS">
          <reporter-output>
          </reporter-output>
        </test-method> <!-- verifyTitle -->
        <test-method is-config="true" signature="objectInit()[pri:0, instance:testJava.LoginPageTest@4ac3c60d]" started-at="2022-05-27T20:47:29 IST" name="objectInit" finished-at="2022-05-27T20:47:29 IST" duration-ms="1" status="PASS">
          <reporter-output>
          </reporter-output>
        </test-method> <!-- objectInit -->
        <test-method signature="verifyURL()[pri:1, instance:testJava.LoginPageTest@4ac3c60d]" started-at="2022-05-27T20:47:29 IST" name="verifyURL" finished-at="2022-05-27T20:47:29 IST" duration-ms="7" status="PASS">
          <reporter-output>
          </reporter-output>
        </test-method> <!-- verifyURL -->
        <test-method is-config="true" signature="objectInit()[pri:0, instance:testJava.LoginPageTest@4ac3c60d]" started-at="2022-05-27T20:47:29 IST" name="objectInit" finished-at="2022-05-27T20:47:29 IST" duration-ms="1" status="PASS">
          <reporter-output>
          </reporter-output>
        </test-method> <!-- objectInit -->
        <test-method signature="positiveLogin()[pri:2, instance:testJava.LoginPageTest@4ac3c60d]" started-at="2022-05-27T20:47:29 IST" name="positiveLogin" finished-at="2022-05-27T20:47:37 IST" duration-ms="7674" status="PASS">
          <reporter-output>
          </reporter-output>
        </test-method> <!-- positiveLogin -->
        <test-method is-config="true" signature="envDown()[pri:0, instance:testJava.LoginPageTest@4ac3c60d]" started-at="2022-05-27T20:47:37 IST" name="envDown" finished-at="2022-05-27T20:47:37 IST" duration-ms="196" status="PASS">
          <reporter-output>
          </reporter-output>
        </test-method> <!-- envDown -->
      </class> <!-- testJava.LoginPageTest -->
    </test> <!-- Default test -->
  </suite> <!-- Default suite -->
</testng-results>
